{"level":"info","message":"Admin logged in successfully:","timestamp":"2024-04-13T14:38:56.781Z"}
{"level":"info","message":"Reservation deleted successfully","timestamp":"2024-04-13T14:39:14.930Z"}
{"level":"info","message":"Wine updated successfully:","timestamp":"2024-04-13T14:39:27.041Z"}
{"level":"info","message":"Wine updated successfully:","timestamp":"2024-04-13T14:39:35.969Z"}
{"level":"info","message":"Food updated successfully","timestamp":"2024-04-13T14:39:45.244Z"}
{"level":"info","message":"Food updated successfully","timestamp":"2024-04-13T14:39:49.500Z"}
{"level":"info","message":"Food added successfully","timestamp":"2024-04-13T14:39:59.738Z"}
{"level":"info","message":"Food deleted successfully","timestamp":"2024-04-13T14:40:04.509Z"}
{"level":"info","message":"Admin logged out successfully","timestamp":"2024-04-13T14:40:09.421Z"}
{"level":"info","message":"Reservation created successfully","timestamp":"2024-04-13T14:40:35.057Z"}
{"level":"info","message":"Reservation fetched by ID successfully","timestamp":"2024-04-13T14:40:35.078Z"}
{"level":"info","message":"Reservation fetched by ID successfully","timestamp":"2024-04-13T14:40:35.086Z"}
{"level":"info","message":"Admin logged in successfully:","timestamp":"2024-04-13T14:40:59.627Z"}
{"level":"info","message":"Reservation processed status updated successfully","timestamp":"2024-04-13T14:41:07.098Z"}
{"level":"info","message":"Admin logged out successfully","timestamp":"2024-04-14T11:43:11.558Z"}
{"level":"info","message":"Admin logged in successfully:","timestamp":"2024-04-14T11:45:06.962Z"}
{"level":"info","message":"Admin logged out successfully","timestamp":"2024-04-14T11:45:07.958Z"}
{"level":"info","message":"Admin logged in successfully:","timestamp":"2024-04-14T12:25:47.508Z"}
{"level":"info","message":"Reservation deleted successfully","timestamp":"2024-04-14T12:26:01.364Z"}
{"level":"info","message":"Admin logged out successfully","timestamp":"2024-04-14T12:26:04.033Z"}
{"level":"info","message":"Reservation created successfully","timestamp":"2024-04-14T12:26:24.069Z"}
{"level":"info","message":"Reservation fetched by ID successfully","timestamp":"2024-04-14T12:26:24.091Z"}
{"level":"info","message":"Reservation fetched by ID successfully","timestamp":"2024-04-14T12:26:24.098Z"}
{"level":"info","message":"Admin logged in successfully:","timestamp":"2024-04-14T12:26:53.723Z"}
{"level":"info","message":"Reservation processed status updated successfully","timestamp":"2024-04-14T12:26:56.772Z"}
{"level":"info","message":"Admin logged out successfully","timestamp":"2024-04-14T12:26:57.877Z"}
